"../../../Engine/Content/Animation/DefaultAnimCurveCompressionSettings.uasset" 0
"../../../Engine/Content/Functions/Engine_MaterialFunctions01/Opacity/CameraDepthFade.uasset" 1
"../../../Engine/Content/EngineMaterials/T_Default_Material_Grid_M.uasset" 2
"../../../Engine/Content/EngineMaterials/T_Default_Material_Grid_N.uasset" 3
"../../../Engine/Content/EngineMaterials/WorldGridMaterial.uasset" 4
"../../../Engine/Content/ArtTools/RenderToTexture/Meshes/S_1_Unit_Plane.uasset" 5
"../../../Engine/Content/EngineMaterials/DefaultMaterial.uasset" 6
"../../../Engine/Content/BasicShapes/Cone.uasset" 7
"../../../Engine/Content/BasicShapes/Cube.uasset" 8
"../../../Engine/Content/BasicShapes/Cylinder.uasset" 9
"../../../Engine/Content/BasicShapes/Plane.uasset" 10
"../../../Engine/Content/BasicShapes/Sphere.uasset" 11
"../../../Engine/Content/EditorLandscapeResources/DataLayer.uasset" 12
"../../../Engine/Content/EditorLandscapeResources/DefaultAlphaTexture.uasset" 13
"../../../Engine/Content/EditorMaterials/MAT_Groups_Toggle.uasset" 14
"../../../Engine/Content/EditorMaterials/MAT_Groups_Visibility.uasset" 15
"../../../Engine/Content/EditorMaterials/PreviewShadowIndicator.uasset" 16
"../../../Engine/Content/EditorMaterials/PreviewShadowIndicatorMaterial.uasset" 17
"../../../Engine/Content/EditorMaterials/AssetViewer/EpicQuadPanorama_CC+EV1.uasset" 18
"../../../Engine/Content/EditorMaterials/MatineeGroups/MAT_ColorTrack.uasset" 19
"../../../Engine/Content/EditorMaterials/MatineeGroups/MAT_Groups_Anim.uasset" 20
"../../../Engine/Content/EditorMaterials/MatineeGroups/MAT_Groups_AudioMaster.uasset" 21
"../../../Engine/Content/EditorMaterials/MatineeGroups/MAT_Groups_Director.uasset" 22
"../../../Engine/Content/EditorMaterials/MatineeGroups/MAT_Groups_Event.uasset" 23
"../../../Engine/Content/EditorMaterials/MatineeGroups/MAT_Groups_Fade.uasset" 24
"../../../Engine/Content/EditorMaterials/MatineeGroups/MAT_Groups_Float.uasset" 25
"../../../Engine/Content/EditorMaterials/MatineeGroups/MAT_Groups_Move.uasset" 26
"../../../Engine/Content/EditorMaterials/MatineeGroups/MAT_Groups_Slomo.uasset" 27
"../../../Engine/Content/EditorMaterials/MatineeGroups/MAT_Groups_Sound.uasset" 28
"../../../Engine/Content/EditorMaterials/MatineeGroups/MAT_Groups_Vector.uasset" 29
"../../../Engine/Content/EditorMaterials/ParticleSystems/PSysThumbnail_NoImage.uasset" 30
"../../../Engine/Content/EditorMaterials/ParticleSystems/PSysThumbnail_OOD.uasset" 31
"../../../Engine/Content/EditorMaterials/Camera/CineMat.uasset" 32
"../../../Engine/Content/EditorMaterials/Camera/MI_CineMat_Rig.uasset" 33
"../../../Engine/Content/EditorMeshes/Camera/SM_CraneRig_Arm.uasset" 34
"../../../Engine/Content/EditorMeshes/Camera/SM_CraneRig_Base.uasset" 35
"../../../Engine/Content/EditorMeshes/Camera/SM_CraneRig_Body.uasset" 36
"../../../Engine/Content/EditorMeshes/Camera/SM_CraneRig_Mount.uasset" 37
"../../../Engine/Content/EditorMeshes/Camera/SM_RailRig_Mount.uasset" 38
"../../../Engine/Content/EditorMeshes/Camera/SM_RailRig_Track.uasset" 39
"../../../Engine/Content/EditorResources/BSPVertex.uasset" 40
"../../../Engine/Content/EditorResources/EmptyActor.uasset" 41
"../../../Engine/Content/EditorResources/S_Actor.uasset" 42
"../../../Engine/Content/EditorResources/S_Note.uasset" 43
"../../../Engine/Content/EditorResources/S_Solver.uasset" 44
"../../../Engine/Content/EditorResources/S_Terrain.uasset" 45
"../../../Engine/Content/EditorResources/S_Trigger.uasset" 46
"../../../Engine/Content/EditorResources/SequenceRecorder/Countdown.uasset" 47
"../../../Engine/Content/EditorResources/SequenceRecorder/RecordingIndicator.uasset" 48
"../../../Engine/Content/EditorSounds/Notifications/CompileFailed.uasset" 49
"../../../Engine/Content/EditorSounds/Notifications/CompileFailed_Cue.uasset" 50
"../../../Engine/Content/EditorSounds/Notifications/CompileSuccess.uasset" 51
"../../../Engine/Content/EditorSounds/Notifications/CompileStart_Cue.uasset" 52
"../../../Engine/Content/EditorSounds/Notifications/CompileSuccess_Cue.uasset" 53
"../../../Engine/Content/EngineDamageTypes/DmgTypeBP_Environmental.uasset" 54
"../../../Engine/Content/EngineDebugMaterials/DebugEditorMaterial.uasset" 55
"../../../Engine/Content/EngineDebugMaterials/DebugMeshMaterial.uasset" 56
"../../../Engine/Content/EngineDebugMaterials/M_SimpleUnlitTranslucent.uasset" 57
"../../../Engine/Content/Functions/Engine_MaterialFunctions02/Utility/CameraDirectionVector.uasset" 58
"../../../Engine/Content/EngineDebugMaterials/VolumeToRender.uasset" 59
"../../../Engine/Content/EngineDebugMaterials/M_VolumeRenderSphereTracePP.uasset" 60
"../../../Engine/Content/EngineDebugMaterials/WireframeMaterial.uasset" 61
"../../../Engine/Content/EngineFonts/Faces/DroidSansFallback.uasset" 62
"../../../Engine/Content/EngineFonts/Faces/RobotoBold.uasset" 63
"../../../Engine/Content/EngineFonts/Faces/RobotoBoldItalic.uasset" 64
"../../../Engine/Content/EngineFonts/Faces/RobotoItalic.uasset" 65
"../../../Engine/Content/EngineFonts/Faces/RobotoLight.uasset" 66
"../../../Engine/Content/EngineFonts/Faces/RobotoRegular.uasset" 67
"../../../Engine/Content/EngineFonts/Roboto.uasset" 68
"../../../Engine/Content/EngineMaterials/BaseFlattenDiffuseMap.uasset" 69
"../../../Engine/Content/EngineMaterials/BaseFlattenEmissiveMap.uasset" 70
"../../../Engine/Content/EngineMaterials/BaseFlattenGrayscaleMap.uasset" 71
"../../../Engine/Content/EngineMaterials/BaseFlattenNormalMap.uasset" 72
"../../../Engine/Content/EngineMaterials/BaseFlattenMaterial.uasset" 73
"../../../Engine/Content/EngineMaterials/BlueNoise.uasset" 74
"../../../Engine/Content/EngineMaterials/DefaultBloomKernel.uasset" 75
"../../../Engine/Content/EngineMaterials/DefaultBokeh.uasset" 76
"../../../Engine/Content/EngineMaterials/DefaultDiffuse.uasset" 77
"../../../Engine/Content/EngineMaterials/DefaultDeferredDecalMaterial.uasset" 78
"../../../Engine/Content/EngineMaterials/DefaultLightFunctionMaterial.uasset" 79
"../../../Engine/Content/EngineMaterials/DefaultPhysicalMaterial.uasset" 80
"../../../Engine/Content/Functions/Engine_MaterialFunctions02/Utility/BreakOutFloat2Components.uasset" 81
"../../../Engine/Content/EngineMaterials/DefaultPostProcessMaterial.uasset" 82
"../../../Engine/Content/EngineFonts/RobotoDistanceField.uasset" 83
"../../../Engine/Content/EngineMaterials/DefaultTextMaterialOpaque.uasset" 84
"../../../Engine/Content/EngineMaterials/DefaultWhiteGrid.uasset" 85
"../../../Engine/Content/EngineMaterials/DefaultWhiteGrid_Low.uasset" 86
"../../../Engine/Content/EngineMaterials/EmissiveMeshMaterial.uasset" 87
"../../../Engine/Content/EngineMaterials/GizmoMaterial.uasset" 88
"../../../Engine/Content/EngineMaterials/Good64x64TilingNoiseHighFreq.uasset" 89
"../../../Engine/Content/EngineMaterials/MiniFont.uasset" 90
"../../../Engine/Content/EngineMaterials/InvalidLightmapSettings.uasset" 91
"../../../Engine/Content/EngineMaterials/M_InvalidLightmapSettings.uasset" 92
"../../../Engine/Content/Functions/Engine_MaterialFunctions02/WorldPositionOffset/CameraOffset.uasset" 93
"../../../Engine/Content/EngineMaterials/PhAT_JointLimitMaterial.uasset" 94
"../../../Engine/Content/EngineMaterials/PreintegratedSkinBRDF.uasset" 95
"../../../Engine/Content/EngineMaterials/RemoveSurfaceMaterial.uasset" 96
"../../../Engine/Content/EngineMaterials/WeightMapPlaceholderTexture.uasset" 97
"../../../Engine/Content/EngineResources/WhiteSquareTexture.uasset" 98
"../../../Engine/Content/EngineMaterials/Widget3DPassThrough.uasset" 99
"../../../Engine/Content/EngineMaterials/Widget3DPassThrough_Masked.uasset" 100
"../../../Engine/Content/EngineMaterials/Widget3DPassThrough_Opaque.uasset" 101
"../../../Engine/Content/EngineMaterials/Widget3DPassThrough_Masked_OneSided.uasset" 102
"../../../Engine/Content/EngineMaterials/Widget3DPassThrough_Opaque_OneSided.uasset" 103
"../../../Engine/Content/EngineMaterials/Widget3DPassThrough_Translucent.uasset" 104
"../../../Engine/Content/EngineMaterials/Widget3DPassThrough_Translucent_OneSided.uasset" 105
"../../../Engine/Content/EngineMeshes/Cylinder.uasset" 106
"../../../Engine/Content/EngineMeshes/Sphere.uasset" 107
"../../../Engine/Content/EngineResources/DefaultTexture.uasset" 108
"../../../Engine/Content/EngineResources/DefaultTextureCube.uasset" 109
"../../../Engine/Content/EngineResources/DefaultVolumeTexture2D.uasset" 110
"../../../Engine/Content/EngineResources/DefaultVolumeTexture.uasset" 111
"../../../Engine/Content/EngineResources/GradientTexture0.uasset" 112
"../../../Engine/Content/EngineSounds/Master.uasset" 113
"../../../Engine/Content/Functions/Engine_MaterialFunctions01/Shading/ConvertFromDiffSpec.uasset" 114
"../../../Engine/Content/Functions/Engine_MaterialFunctions01/Shading/PowerToRoughness.uasset" 115
"../../../Engine/Content/Maps/Templates/Thumbnails/Default.uasset" 116
"../../../Engine/Content/Maps/Templates/Thumbnails/TimeOfDay.uasset" 117
"../../../Engine/Content/Maps/Templates/Thumbnails/VR-Basic.uasset" 118
"../../../Engine/Content/MobileResources/T_MobileControls_texture.uasset" 119
"../../../Engine/Content/MobileResources/T_MobileMenu2.uasset" 120
"../../../Engine/Content/MobileResources/HUD/AnalogHat.uasset" 121
"../../../Engine/Content/MobileResources/HUD/VirtualJoystick_Background.uasset" 122
"../../../Engine/Content/MobileResources/HUD/VirtualJoystick_Thumb.uasset" 123
"../../../Engine/Content/MobileResources/HUD/DefaultVirtualJoysticks.uasset" 124
"../../../Engine/Content/MobileResources/HUD/LeftVirtualJoystickOnly.uasset" 125
"../../../Engine/Content/MobileResources/HUD/MobileHUDButton1_off.uasset" 126
"../../../Engine/Content/MobileResources/HUD/MobileHUDButton1_on.uasset" 127
"../../../Engine/Content/MobileResources/HUD/MobileHUDButton2_off.uasset" 128
"../../../Engine/Content/MobileResources/HUD/MobileHUDButton2_on.uasset" 129
"../../../Engine/Content/MobileResources/HUD/MobileHUDButton3.uasset" 130
"../../../Engine/Content/MobileResources/HUD/MobileHUDButtonFire.uasset" 131
"../../../Engine/Content/MobileResources/HUD/MobileHUDDirectionPad.uasset" 132
"../../../Engine/Content/MobileResources/HUD/MobileHUDDirectionPad2.uasset" 133
"../../../Engine/Content/MobileResources/HUD/MobileHUDDirectionPad3.uasset" 134
"../../../Engine/Content/MobileResources/HUD/MobileHUDDirectionStick.uasset" 135
"../../../Engine/Content/MobileResources/HUD/T_Castle_ThumbstickInner.uasset" 136
"../../../Engine/Content/MobileResources/HUD/T_Castle_ThumbstickOutter.uasset" 137
"../../../Engine/Content/Tutorial/ContentIntroCurve.uasset" 138
"../../../Engine/Content/Tutorial/Basics/LevelEditorAttract.uasset" 139
"../../../Engine/Content/Tutorial/Basics/TutorialAssets/icon_tab_Levels_40x.uasset" 140
"../../../Engine/Content/Tutorial/Basics/LevelEditorOverview.uasset" 141
"../../../Engine/Content/Tutorial/BlueprintTutorials/TutorialAssets/Blueprint_64x.uasset" 142
"../../../Engine/Content/Tutorial/BlueprintTutorials/BlueprintEditorTutorial.uasset" 143
"../../../Engine/Content/VREditor/LaserPointer/VR_LaserPower_01.uasset" 144
"../../../Engine/Content/VREditor/TransformGizmo/TransformGizmoMaterial.uasset" 145
"../../../Engine/Content/VREditor/TransformGizmo/TranslucentTransformGizmoMaterial.uasset" 146
"../../../Engine/Content/VREditor/TransformGizmo/BoundingBoxCorner.uasset" 147
"../../../Engine/Content/VREditor/TransformGizmo/BoundingBoxEdge.uasset" 148
"../../../Engine/Content/VREditor/TransformGizmo/PlaneTranslationHandle.uasset" 149
"../../../Engine/Content/VREditor/TransformGizmo/Main.uasset" 150
"../../../Engine/Content/VREditor/TransformGizmo/Xray.uasset" 151
"../../../Engine/Content/VREditor/TransformGizmo/SM_Sequencer_Key.uasset" 152
"../../../Engine/Content/VREditor/TransformGizmo/SM_Sequencer_Node.uasset" 153
"../../Plugins/2D/Paper2D/Content/PlaceholderTextures/DummySpriteTexture.uasset" 154
"../../Plugins/2D/Paper2D/Content/DummySprite.uasset" 155
"../../Plugins/2D/Paper2D/Content/DefaultPaperTerrainMaterial.uasset" 156
"../../Plugins/2D/Paper2D/Content/DefaultSpriteMaterial.uasset" 157
"../../Plugins/2D/Paper2D/Content/MaskedUnlitSpriteMaterial.uasset" 158
"../../Plugins/2D/Paper2D/Content/OpaqueUnlitSpriteMaterial.uasset" 159
"../../../Engine/Content/Functions/Engine_MaterialFunctions02/Texturing/CustomRotator.uasset" 160
"../../Plugins/Enterprise/DatasmithContent/Content/Materials/C4DMasterUV.uasset" 161
"../../Plugins/Enterprise/DatasmithContent/Content/Materials/TileMirrorAxis.uasset" 162
"../../Plugins/Enterprise/DatasmithContent/Content/Materials/UVEdit.uasset" 163
"../../../Engine/Content/Functions/Engine_MaterialFunctions01/Texturing/FlattenNormal.uasset" 164
"../../../Engine/Content/Functions/Engine_MaterialFunctions02/HueShift.uasset" 165
"../../../Engine/Content/ArtTools/RenderToTexture/Textures/127grey.uasset" 166
"../../../Engine/Content/EditorLandscapeResources/WhiteSquareTexture.uasset" 167
"../../../Engine/Content/EngineMaterials/T_Default_Normal.uasset" 168
"../../../Engine/Content/EngineResources/Black.uasset" 169
"../../Plugins/Enterprise/DatasmithContent/Content/Materials/C4DMaster.uasset" 170
"../../../Engine/Content/EngineMaterials/FlatNormal.uasset" 171
"../../Plugins/Enterprise/DatasmithContent/Content/Materials/CE_BaseMaster.uasset" 172
"../../Plugins/Enterprise/DatasmithContent/Content/Materials/CE_OpacityMaster.uasset" 173
"../../Plugins/Enterprise/DatasmithContent/Content/Materials/CE_OpacitySimpleMaster.uasset" 174
"../../Plugins/Enterprise/DatasmithContent/Content/Materials/CE_OpaqueMaster.uasset" 175
"../../../Engine/Content/Functions/Engine_MaterialFunctions03/Procedurals/NormalFromHeightmap.uasset" 176
"../../Plugins/Enterprise/DatasmithContent/Content/Materials/RevitMaster.uasset" 177
"../../Plugins/Enterprise/DatasmithContent/Content/Materials/SketchUpMaster.uasset" 178
"../../Plugins/Enterprise/DatasmithContent/Content/Materials/FBXImporter/DeltaGenUVEdit.uasset" 179
"../../Plugins/Enterprise/DatasmithContent/Content/Materials/FBXImporter/DeltaGenBase.uasset" 180
"../../Plugins/Enterprise/DatasmithContent/Content/Materials/FBXImporter/DeltaGenMaster.uasset" 181
"../../Plugins/Enterprise/DatasmithContent/Content/Materials/FBXImporter/DeltaGenMasterTransparent.uasset" 182
"../../Plugins/Enterprise/DatasmithContent/Content/Materials/FBXImporter/VRED/VREDRepeatMode.uasset" 183
"../../../Engine/Content/Functions/Engine_MaterialFunctions02/WorldPositionOffset/LocalPosition.uasset" 184
"../../Plugins/Enterprise/DatasmithContent/Content/Materials/FBXImporter/VRED/PlanarMapping.uasset" 185
"../../../Engine/Content/Functions/Engine_MaterialFunctions02/Utility/MakeFloat3.uasset" 186
"../../Plugins/Enterprise/DatasmithContent/Content/Materials/FBXImporter/VRED/ProcessNormal.uasset" 187
"../../../Engine/Content/Functions/Engine_MaterialFunctions02/Utility/MakeFloat2.uasset" 188
"../../../Engine/Content/Functions/Engine_MaterialFunctions02/Utility/VectorLength.uasset" 189
"../../../Engine/Content/Functions/Engine_MaterialFunctions02/WorldPositionOffset/ObjectScale.uasset" 190
"../../Plugins/Enterprise/DatasmithContent/Content/Materials/FBXImporter/VRED/TriplanarMapping.uasset" 191
"../../Plugins/Enterprise/DatasmithContent/Content/Materials/FBXImporter/VRED/UVMapping.uasset" 192
"../../Plugins/Enterprise/DatasmithContent/Content/Materials/FBXImporter/VRED/VREDTextureRead.uasset" 193
"../../../Engine/Content/Functions/Engine_MaterialFunctions01/Texturing/BakedDisplacement.uasset" 194
"../../../Engine/Content/Functions/Engine_MaterialFunctions02/Fresnel_Function.uasset" 195
"../../../Engine/Content/Functions/MaterialLayerFunctions/MatLayerBlend_Simple.uasset" 196
"../../Plugins/Enterprise/DatasmithContent/Content/Materials/FBXImporter/VRED/BrushedMetal.uasset" 197
"../../Plugins/Enterprise/DatasmithContent/Content/Materials/FBXImporter/VRED/Chrome.uasset" 198
"../../../Engine/Content/Functions/Engine_MaterialFunctions01/Texturing/ComputeMipLevel.uasset" 199
"../../../Engine/Content/Functions/Engine_MaterialFunctions01/Texturing/TextureCropping.uasset" 200
"../../../Engine/Content/Functions/Engine_MaterialFunctions02/Utility/BreakOutFloat3Components.uasset" 201
"../../../Engine/Content/Functions/Engine_MaterialFunctions02/ExampleContent/DebugNumberStrip.uasset" 202
"../../../Engine/Content/Functions/Engine_MaterialFunctions02/ExampleContent/Textures/DebugNumberPeriod.uasset" 203
"../../../Engine/Content/Functions/Engine_MaterialFunctions02/Utility/DebugScalarValues.uasset" 204
"../../../Engine/Content/Functions/Engine_MaterialFunctions02/Utility/DebugFloat3Values.uasset" 205
"../../../Engine/Content/Functions/Engine_MaterialFunctions02/Math/RGBtoHSV.uasset" 206
"../../Plugins/Enterprise/DatasmithContent/Content/Materials/FBXImporter/VRED/Glass.uasset" 207
"../../Plugins/Enterprise/DatasmithContent/Content/Materials/FBXImporter/VRED/Phong.uasset" 208
"../../Plugins/Enterprise/DatasmithContent/Content/Materials/FBXImporter/VRED/Plastic.uasset" 209
"../../../Engine/Content/Functions/MaterialLayerFunctions/MatLayerBlend_Standard.uasset" 210
"../../../Engine/Content/EditorShapes/Textures/T_ShapeNormal.uasset" 211
"../../Plugins/Enterprise/DatasmithContent/Content/Materials/FBXImporter/VRED/UnicolorCarpaint.uasset" 212
"../../Plugins/FX/Niagara/Content/Enums/ENiagaraBooleanLogicOps.uasset" 213
"../../Plugins/FX/Niagara/Content/Enums/ENiagaraCoordinateSpace.uasset" 214
"../../Plugins/FX/Niagara/Content/Enums/ENiagaraExpansionMode.uasset" 215
"../../Plugins/FX/Niagara/Content/Enums/ENiagaraOrientationAxis.uasset" 216
"../../Plugins/FX/Niagara/Content/Enums/ENiagaraRandomnessMode.uasset" 217
"../../../Engine/Content/Functions/Engine_MaterialFunctions02/Utility/BreakOutFloat4Components.uasset" 218
"../../Plugins/Runtime/Oculus/OculusVR/Content/Materials/OculusMR_ChromaKey.uasset" 219
"../../Plugins/Runtime/Oculus/OculusVR/Content/Materials/OculusMR_ChromaKey_Lit.uasset" 220
"../../Plugins/Runtime/Oculus/OculusVR/Content/Materials/OculusMR_OpaqueColoredMaterial.uasset" 221
"../../Plugins/Runtime/Oculus/OculusVR/Content/Materials/OculusMR_WhiteMaterial.uasset" 222
"../../../../../../Users/Admin/OneDrive/Documents/Unreal Projects/Tetris/Content/Player/EndMenu.uasset" 223
"../../../../../../Users/Admin/OneDrive/Documents/Unreal Projects/Tetris/Content/Map/EndGame.umap" 224
"../../../../../../Users/Admin/OneDrive/Documents/Unreal Projects/Tetris/Content/Map/MainMenu_BuiltData.uasset" 225
"../../../../../../Users/Admin/OneDrive/Documents/Unreal Projects/Tetris/Content/Player/Level.uasset" 226
"../../../../../../Users/Admin/OneDrive/Documents/Unreal Projects/Tetris/Content/Player/MainMenu.uasset" 227
"../../../../../../Users/Admin/OneDrive/Documents/Unreal Projects/Tetris/Content/Map/MainMenu.umap" 228
"../../../Engine/Content/EditorBlueprintResources/StandardMacros.uasset" 229
"../../../../../../Users/Admin/OneDrive/Documents/Unreal Projects/Tetris/Content/M/0M_Color.uasset" 230
"../../../../../../Users/Admin/OneDrive/Documents/Unreal Projects/Tetris/Content/M/Mi_Color_00.uasset" 231
"../../../../../../Users/Admin/OneDrive/Documents/Unreal Projects/Tetris/Content/M/Mi_Color_01.uasset" 232
"../../../../../../Users/Admin/OneDrive/Documents/Unreal Projects/Tetris/Content/Sm/WorldGridMaterial.uasset" 233
"../../../../../../Users/Admin/OneDrive/Documents/Unreal Projects/Tetris/Content/Sm/Sm_Box.uasset" 234
"../../../../../../Users/Admin/OneDrive/Documents/Unreal Projects/Tetris/Content/Tetris/Bp_Block.uasset" 235
"../../../../../../Users/Admin/OneDrive/Documents/Unreal Projects/Tetris/Content/Tetris/Bp_Block_00.uasset" 236
"../../../../../../Users/Admin/OneDrive/Documents/Unreal Projects/Tetris/Content/Tetris/Bp_Block_01.uasset" 237
"../../../../../../Users/Admin/OneDrive/Documents/Unreal Projects/Tetris/Content/Tetris/Bp_Block_02.uasset" 238
"../../../../../../Users/Admin/OneDrive/Documents/Unreal Projects/Tetris/Content/Tetris/Bp_Block_03.uasset" 239
"../../../../../../Users/Admin/OneDrive/Documents/Unreal Projects/Tetris/Content/Tetris/Bp_Block_04.uasset" 240
"../../../../../../Users/Admin/OneDrive/Documents/Unreal Projects/Tetris/Content/Tetris/Bp_Block_05.uasset" 241
"../../../../../../Users/Admin/OneDrive/Documents/Unreal Projects/Tetris/Content/Tetris/Bp_Block_06.uasset" 242
"../../../../../../Users/Admin/OneDrive/Documents/Unreal Projects/Tetris/Content/M/Mi_Color_02.uasset" 243
"../../../../../../Users/Admin/OneDrive/Documents/Unreal Projects/Tetris/Content/M/Mi_Color_03.uasset" 244
"../../../../../../Users/Admin/OneDrive/Documents/Unreal Projects/Tetris/Content/Tetris/Bp_Teris.uasset" 245
"../../../Engine/Content/EngineSky/C_Sky_Cloud_Color.uasset" 246
"../../../Engine/Content/EngineSky/C_Sky_Horizon_Color.uasset" 247
"../../../Engine/Content/EngineSky/C_Sky_Zenith_Color.uasset" 248
"../../../Engine/Content/EngineSky/T_Sky_Blue.uasset" 249
"../../../Engine/Content/EngineSky/T_Sky_Clouds_M.uasset" 250
"../../../Engine/Content/EngineSky/T_Sky_Stars.uasset" 251
"../../../Engine/Content/EngineSky/M_Sky_Panning_Clouds2.uasset" 252
"../../../Engine/Content/EngineSky/SM_SkySphere.uasset" 253
"../../../Engine/Content/EngineSky/BP_Sky_Sphere.uasset" 254
"../../../../../../Users/Admin/OneDrive/Documents/Unreal Projects/Tetris/Content/Tetris/Bp_Teris1_0.uasset" 255
"../../../../../../Users/Admin/OneDrive/Documents/Unreal Projects/Tetris/Content/Tetris/Bp_Teris1_1.uasset" 256
"../../../../../../Users/Admin/OneDrive/Documents/Unreal Projects/Tetris/Content/Player/MyPawn.uasset" 257
"../../../../../../Users/Admin/OneDrive/Documents/Unreal Projects/Tetris/Content/Player/MyGameMode.uasset" 258
"../../../../../../Users/Admin/OneDrive/Documents/Unreal Projects/Tetris/Content/Map/World_BuiltData.uasset" 259
"../../../../../../Users/Admin/OneDrive/Documents/Unreal Projects/Tetris/Content/Map/World.umap" 260
"../../../../../../Users/Admin/OneDrive/Documents/Unreal Projects/Tetris/Content/Map/World1_BuiltData.uasset" 261
"../../../../../../Users/Admin/OneDrive/Documents/Unreal Projects/Tetris/Content/Map/World1.umap" 262
"../../../../../../Users/Admin/OneDrive/Documents/Unreal Projects/Tetris/Content/Map/World2.umap" 263
"../../../Engine/Content/Maps/Entry_BuiltData.uasset" 264
"../../../Engine/Content/Maps/Entry.umap" 265
